<?xml version="1.0" encoding="UTF-8"?>
<testsuite xmlns:xsi="http://www.w3.org/2001/XMLSchema-instance" xsi:noNamespaceSchemaLocation="https://maven.apache.org/surefire/maven-surefire-plugin/xsd/surefire-test-report-3.0.xsd" version="3.0" name="ma.urbanops.service.IncidentServiceTest" time="2.101" tests="11" errors="0" skipped="1" failures="0">
  <properties>
[...]
</properties>
  <testcase name="getById_whenIncidentExists_shouldReturnIncident" classname="ma.urbanops.service.IncidentServiceTest" time="1.956">
    <system-out><![CDATA[=== Starting IncidentService Tests ===
]]></system-out>
  </testcase>
  <testcase name="updateStatus_whenValidTransition_shouldUpdateAndSave" classname="ma.urbanops.service.IncidentServiceTest" time="0.033">
    <system-out><![CDATA[00:43:33.875 [main] INFO ma.urbanops.service.IncidentService -- Updating status for incident: 1 to IN_PROGRESS
]]></system-out>
  </testcase>
  <testcase name="getByReference_whenExists_shouldReturnIncident" classname="ma.urbanops.service.IncidentServiceTest" time="0.007"/>
  <testcase name="createIncident_withAIAnalysis_shouldSetSeverityFromAI" classname="ma.urbanops.service.IncidentServiceTest" time="0.0">
    <skipped message="Désactivé: dépend de l&apos;API AI externe — à tester en intégration"/>
  </testcase>
  <testcase name="updateStatus_whenResolvedStatus_shouldSetResolvedAt" classname="ma.urbanops.service.IncidentServiceTest" time="0.006">
    <system-out><![CDATA[00:43:33.912 [main] INFO ma.urbanops.service.IncidentService -- Updating status for incident: 1 to RESOLVED
]]></system-out>
  </testcase>
  <testcase name="generateReferenceCode_shouldMatchExpectedFormat" classname="ma.urbanops.service.IncidentServiceTest" time="0.006"/>
  <testcase name="deleteIncident_whenCalled_shouldDeleteFromRepository" classname="ma.urbanops.service.IncidentServiceTest" time="0.009">
    <system-out><![CDATA[00:43:33.930 [main] INFO ma.urbanops.service.IncidentService -- Deleting incident: 1
]]></system-out>
  </testcase>
  <testcase name="getById_whenIncidentNotFound_shouldThrowResourceNotFoundException" classname="ma.urbanops.service.IncidentServiceTest" time="0.009"/>
  <testcase name="getRecentIncidents_shouldReturnLimitedList" classname="ma.urbanops.service.IncidentServiceTest" time="0.007"/>
  <testcase name="getById_whenIdIsNull_shouldThrowException" classname="ma.urbanops.service.IncidentServiceTest" time="0.005"/>
  <testcase name="createIncident_whenModerationRejects_shouldNotPersistIncidentOrPhoto" classname="ma.urbanops.service.IncidentServiceTest" time="0.021">
    <system-out><![CDATA[00:43:33.973 [main] INFO ma.urbanops.service.IncidentService -- Creating incident: azerty qwerty
00:43:33.974 [main] WARN ma.urbanops.service.IncidentService -- Incident content rejected: reason=Contenu aleatoire confidence=0.9 fallback=false
]]></system-out>
  </testcase>
</testsuite>