<?xml version="1.0" encoding="UTF-8"?>
<testsuite xmlns:xsi="http://www.w3.org/2001/XMLSchema-instance" xsi:noNamespaceSchemaLocation="https://maven.apache.org/surefire/maven-surefire-plugin/xsd/surefire-test-report-3.0.xsd" version="3.0" name="ma.urbanops.service.UserServiceTest" time="0.127" tests="9" errors="0" skipped="0" failures="0">
  <properties>
[...]
</properties>
  <testcase name="register_withExistingEmail_shouldThrowException" classname="ma.urbanops.service.UserServiceTest" time="0.07">
    <system-out><![CDATA[=== Starting UserService Tests ===
]]></system-out>
  </testcase>
  <testcase name="findByEmail_whenExists_shouldReturnUser" classname="ma.urbanops.service.UserServiceTest" time="0.007"/>
  <testcase name="findById_whenNotFound_shouldThrowException" classname="ma.urbanops.service.UserServiceTest" time="0.007"/>
  <testcase name="findByEmail_whenNotFound_shouldThrowException" classname="ma.urbanops.service.UserServiceTest" time="0.006"/>
  <testcase name="countAll_shouldReturnTotalUsers" classname="ma.urbanops.service.UserServiceTest" time="0.002"/>
  <testcase name="deactivateUser_shouldMakeUserInactive" classname="ma.urbanops.service.UserServiceTest" time="0.003"/>
  <testcase name="findById_whenExists_shouldReturnUser" classname="ma.urbanops.service.UserServiceTest" time="0.004"/>
  <testcase name="countCitizens_shouldReturnCorrectCount" classname="ma.urbanops.service.UserServiceTest" time="0.003"/>
  <testcase name="register_withValidData_shouldSaveUserWithHashedPassword" classname="ma.urbanops.service.UserServiceTest" time="0.008"/>
</testsuite>