# JRE version: OpenJDK Runtime Environment Temurin-17.0.19+10 (17.0.19+10) (build 17.0.19+10)
# Java VM: OpenJDK 64-Bit Server VM Temurin-17.0.19+10 (17.0.19+10, mixed mode, sharing, tiered, compressed oops, compressed class ptrs, g1 gc, windows-amd64)
GC Precious Log:
 CPUs: 16 total, 16 available
 Memory: 16110M
 Large Page Support: Disabled
 NUMA Support: Disabled
 Compressed Oops: Enabled (Zero based)
 Heap Region Size: 2M
 Heap Min Capacity: 8M
 Heap Initial Capacity: 8M
 Heap Max Capacity: 4028M
 Pre-touch: Disabled
 Parallel Workers: 13
 Concurrent Workers: 3
 Concurrent Refinement Workers: 13
 Periodic GC: Disabled
Heap:
 garbage-first heap   total 104448K, used 54477K [0x0000000704400000, 0x0000000800000000)
  region size 2048K, 12 young (24576K), 1 survivors (2048K)
 Metaspace       used 11797K, committed 12032K, reserved 1114112K
  class space    used 1242K, committed 1344K, reserved 1048576K
GC Heap History (20 events):
Event: 0.488 GC heap before
{Heap before GC invocations=8 (full 0):
 garbage-first heap   total 24576K, used 13627K [0x0000000704400000, 0x0000000800000000)
  region size 2048K, 2 young (4096K), 1 survivors (2048K)
 Metaspace       used 3213K, committed 3392K, reserved 1114112K
  class space    used 360K, committed 448K, reserved 1048576K
}
Event: 0.489 GC heap after
{Heap after GC invocations=9 (full 0):
 garbage-first heap   total 24576K, used 12510K [0x0000000704400000, 0x0000000800000000)
  region size 2048K, 1 young (2048K), 1 survivors (2048K)
 Metaspace       used 3213K, committed 3392K, reserved 1114112K
  class space    used 360K, committed 448K, reserved 1048576K
}
Event: 0.546 GC heap before
{Heap before GC invocations=10 (full 0):
 garbage-first heap   total 28672K, used 14558K [0x0000000704400000, 0x0000000800000000)
  region size 2048K, 2 young (4096K), 1 survivors (2048K)
 Metaspace       used 3237K, committed 3456K, reserved 1114112K
  class space    used 360K, committed 448K, reserved 1048576K
}
Event: 0.547 GC heap after
{Heap after GC invocations=11 (full 0):
 garbage-first heap   total 47104K, used 11483K [0x0000000704400000, 0x0000000800000000)
  region size 2048K, 1 young (2048K), 1 survivors (2048K)
 Metaspace       used 3237K, committed 3456K, reserved 1114112K
  class space    used 360K, committed 448K, reserved 1048576K
}
Event: 0.607 GC heap before
{Heap before GC invocations=11 (full 0):
 garbage-first heap   total 47104K, used 11483K [0x0000000704400000, 0x0000000800000000)
  region size 2048K, 2 young (4096K), 1 survivors (2048K)
 Metaspace       used 3271K, committed 3456K, reserved 1114112K
  class space    used 360K, committed 448K, reserved 1048576K
}
Event: 0.610 GC heap after
{Heap after GC invocations=12 (full 0):
 garbage-first heap   total 47104K, used 7476K [0x0000000704400000, 0x0000000800000000)
  region size 2048K, 1 young (2048K), 1 survivors (2048K)
 Metaspace       used 3271K, committed 3456K, reserved 1114112K
  class space    used 360K, committed 448K, reserved 1048576K
}
Event: 0.999 GC heap before
{Heap before GC invocations=12 (full 0):
 garbage-first heap   total 47104K, used 15668K [0x0000000704400000, 0x0000000800000000)
  region size 2048K, 6 young (12288K), 1 survivors (2048K)
 Metaspace       used 8787K, committed 8960K, reserved 1114112K
  class space    used 993K, committed 1088K, reserved 1048576K
}
Event: 1.005 GC heap after
{Heap after GC invocations=13 (full 0):
 garbage-first heap   total 47104K, used 10235K [0x0000000704400000, 0x0000000800000000)
  region size 2048K, 1 young (2048K), 1 survivors (2048K)
 Metaspace       used 8787K, committed 8960K, reserved 1114112K
  class space    used 993K, committed 1088K, reserved 1048576K
}
Event: 1.222 GC heap before
{Heap before GC invocations=13 (full 0):
 garbage-first heap   total 47104K, used 26619K [0x0000000704400000, 0x0000000800000000)
  region size 2048K, 9 young (18432K), 1 survivors (2048K)
 Metaspace       used 9278K, committed 9536K, reserved 1114112K
  class space    used 1034K, committed 1152K, reserved 1048576K
}
Event: 1.232 GC heap after
{Heap after GC invocations=14 (full 0):
 garbage-first heap   total 47104K, used 16569K [0x0000000704400000, 0x0000000800000000)
  region size 2048K, 2 young (4096K), 2 survivors (4096K)
 Metaspace       used 9278K, committed 9536K, reserved 1114112K
  class space    used 1034K, committed 1152K, reserved 1048576K
}
Event: 1.288 GC heap before
{Heap before GC invocations=14 (full 0):
 garbage-first heap   total 47104K, used 24761K [0x0000000704400000, 0x0000000800000000)
  region size 2048K, 6 young (12288K), 2 survivors (4096K)
 Metaspace       used 9297K, committed 9536K, reserved 1114112K
  class space    used 1034K, committed 1152K, reserved 1048576K
}
Event: 1.295 GC heap after
{Heap after GC invocations=15 (full 0):
 garbage-first heap   total 61440K, used 19312K [0x0000000704400000, 0x0000000800000000)
  region size 2048K, 1 young (2048K), 1 survivors (2048K)
 Metaspace       used 9297K, committed 9536K, reserved 1114112K
  class space    used 1034K, committed 1152K, reserved 1048576K
}
Event: 1.662 GC heap before
{Heap before GC invocations=15 (full 0):
 garbage-first heap   total 61440K, used 35696K [0x0000000704400000, 0x0000000800000000)
  region size 2048K, 9 young (18432K), 1 survivors (2048K)
 Metaspace       used 9516K, committed 9728K, reserved 1114112K
  class space    used 1053K, committed 1152K, reserved 1048576K
}
Event: 1.670 GC heap after
{Heap after GC invocations=16 (full 0):
 garbage-first heap   total 61440K, used 24349K [0x0000000704400000, 0x0000000800000000)
  region size 2048K, 2 young (4096K), 2 survivors (4096K)
 Metaspace       used 9516K, committed 9728K, reserved 1114112K
  class space    used 1053K, committed 1152K, reserved 1048576K
}
Event: 1.816 GC heap before
{Heap before GC invocations=16 (full 0):
 garbage-first heap   total 61440K, used 38685K [0x0000000704400000, 0x0000000800000000)
  region size 2048K, 9 young (18432K), 2 survivors (4096K)
 Metaspace       used 9951K, committed 10176K, reserved 1114112K
  class space    used 1091K, committed 1216K, reserved 1048576K
}
Event: 1.827 GC heap after
{Heap after GC invocations=17 (full 0):
 garbage-first heap   total 61440K, used 27441K [0x0000000704400000, 0x0000000800000000)
  region size 2048K, 2 young (4096K), 2 survivors (4096K)
 Metaspace       used 9951K, committed 10176K, reserved 1114112K
  class space    used 1091K, committed 1216K, reserved 1048576K
}
Event: 1.973 GC heap before
{Heap before GC invocations=17 (full 0):
 garbage-first heap   total 61440K, used 41777K [0x0000000704400000, 0x0000000800000000)
  region size 2048K, 9 young (18432K), 2 survivors (4096K)
 Metaspace       used 10296K, committed 10496K, reserved 1114112K
  class space    used 1107K, committed 1216K, reserved 1048576K
}
Event: 1.981 GC heap after
{Heap after GC invocations=18 (full 0):
 garbage-first heap   total 61440K, used 29956K [0x0000000704400000, 0x0000000800000000)
  region size 2048K, 2 young (4096K), 2 survivors (4096K)
 Metaspace       used 10296K, committed 10496K, reserved 1114112K
  class space    used 1107K, committed 1216K, reserved 1048576K
}
Event: 2.072 GC heap before
{Heap before GC invocations=18 (full 0):
 garbage-first heap   total 61440K, used 36100K [0x0000000704400000, 0x0000000800000000)
  region size 2048K, 7 young (14336K), 2 survivors (4096K)
 Metaspace       used 10351K, committed 10560K, reserved 1114112K
  class space    used 1107K, committed 1216K, reserved 1048576K
}
Event: 2.082 GC heap after
{Heap after GC invocations=19 (full 0):
 garbage-first heap   total 104448K, used 31949K [0x0000000704400000, 0x0000000800000000)
  region size 2048K, 1 young (2048K), 1 survivors (2048K)
 Metaspace       used 10351K, committed 10560K, reserved 1114112K
  class space    used 1107K, committed 1216K, reserved 1048576K
}

