# JRE version: OpenJDK Runtime Environment Temurin-17.0.19+10 (17.0.19+10) (build 17.0.19+10)
# Java VM: OpenJDK 64-Bit Server VM Temurin-17.0.19+10 (17.0.19+10, mixed mode, sharing, tiered, compressed oops, compressed class ptrs, g1 gc, windows-amd64)
GC Precious Log:
 CPUs: 16 total, 16 available
 Memory: 16110M
 Large Page Support: Disabled
 NUMA Support: Disabled
 Compressed Oops: Enabled (Zero based)
 Heap Region Size: 2M
 Heap Min Capacity: 8M
 Heap Initial Capacity: 252M
 Heap Max Capacity: 4028M
 Pre-touch: Disabled
 Parallel Workers: 13
 Concurrent Workers: 3
 Concurrent Refinement Workers: 13
 Periodic GC: Disabled
Heap:
 garbage-first heap   total 540672K, used 217235K [0x0000000704400000, 0x0000000800000000)
  region size 2048K, 11 young (22528K), 11 survivors (22528K)
 Metaspace       used 131449K, committed 132544K, reserved 1179648K
  class space    used 14883K, committed 15424K, reserved 1048576K
GC Heap History (20 events):
Event: 28.208 GC heap after
{Heap after GC invocations=31 (full 0):
 garbage-first heap   total 270336K, used 119608K [0x0000000704400000, 0x0000000800000000)
  region size 2048K, 1 young (2048K), 1 survivors (2048K)
 Metaspace       used 104296K, committed 105280K, reserved 1179648K
  class space    used 11801K, committed 12288K, reserved 1048576K
}
Event: 28.930 GC heap before
{Heap before GC invocations=31 (full 0):
 garbage-first heap   total 270336K, used 205624K [0x0000000704400000, 0x0000000800000000)
  region size 2048K, 43 young (88064K), 1 survivors (2048K)
 Metaspace       used 107038K, committed 107968K, reserved 1179648K
  class space    used 12075K, committed 12480K, reserved 1048576K
}
Event: 28.936 GC heap after
{Heap after GC invocations=32 (full 0):
 garbage-first heap   total 540672K, used 125891K [0x0000000704400000, 0x0000000800000000)
  region size 2048K, 4 young (8192K), 4 survivors (8192K)
 Metaspace       used 107038K, committed 107968K, reserved 1179648K
  class space    used 12075K, committed 12480K, reserved 1048576K
}
Event: 30.759 GC heap before
{Heap before GC invocations=33 (full 0):
 garbage-first heap   total 444416K, used 379843K [0x0000000704400000, 0x0000000800000000)
  region size 2048K, 129 young (264192K), 4 survivors (8192K)
 Metaspace       used 109130K, committed 110016K, reserved 1179648K
  class space    used 12274K, committed 12672K, reserved 1048576K
}
Event: 30.767 GC heap after
{Heap after GC invocations=34 (full 0):
 garbage-first heap   total 444416K, used 134973K [0x0000000704400000, 0x0000000800000000)
  region size 2048K, 9 young (18432K), 9 survivors (18432K)
 Metaspace       used 109130K, committed 110016K, reserved 1179648K
  class space    used 12274K, committed 12672K, reserved 1048576K
}
Event: 30.783 GC heap before
{Heap before GC invocations=34 (full 0):
 garbage-first heap   total 444416K, used 137021K [0x0000000704400000, 0x0000000800000000)
  region size 2048K, 10 young (20480K), 9 survivors (18432K)
 Metaspace       used 109141K, committed 110080K, reserved 1179648K
  class space    used 12274K, committed 12672K, reserved 1048576K
}
Event: 30.791 GC heap after
{Heap after GC invocations=35 (full 0):
 garbage-first heap   total 444416K, used 135788K [0x0000000704400000, 0x0000000800000000)
  region size 2048K, 2 young (4096K), 2 survivors (4096K)
 Metaspace       used 109141K, committed 110080K, reserved 1179648K
  class space    used 12274K, committed 12672K, reserved 1048576K
}
Event: 32.759 GC heap before
{Heap before GC invocations=35 (full 0):
 garbage-first heap   total 444416K, used 330348K [0x0000000704400000, 0x0000000800000000)
  region size 2048K, 97 young (198656K), 2 survivors (4096K)
 Metaspace       used 111401K, committed 112384K, reserved 1179648K
  class space    used 12486K, committed 12928K, reserved 1048576K
}
Event: 32.765 GC heap after
{Heap after GC invocations=36 (full 0):
 garbage-first heap   total 444416K, used 142018K [0x0000000704400000, 0x0000000800000000)
  region size 2048K, 5 young (10240K), 5 survivors (10240K)
 Metaspace       used 111401K, committed 112384K, reserved 1179648K
  class space    used 12486K, committed 12928K, reserved 1048576K
}
Event: 35.034 GC heap before
{Heap before GC invocations=36 (full 0):
 garbage-first heap   total 444416K, used 340674K [0x0000000704400000, 0x0000000800000000)
  region size 2048K, 102 young (208896K), 5 survivors (10240K)
 Metaspace       used 120615K, committed 121664K, reserved 1179648K
  class space    used 13390K, committed 13888K, reserved 1048576K
}
Event: 35.043 GC heap after
{Heap after GC invocations=37 (full 0):
 garbage-first heap   total 444416K, used 151575K [0x0000000704400000, 0x0000000800000000)
  region size 2048K, 9 young (18432K), 9 survivors (18432K)
 Metaspace       used 120615K, committed 121664K, reserved 1179648K
  class space    used 13390K, committed 13888K, reserved 1048576K
}
Event: 38.477 GC heap before
{Heap before GC invocations=37 (full 0):
 garbage-first heap   total 444416K, used 348183K [0x0000000704400000, 0x0000000800000000)
  region size 2048K, 105 young (215040K), 9 survivors (18432K)
 Metaspace       used 130057K, committed 131136K, reserved 1179648K
  class space    used 14712K, committed 15232K, reserved 1048576K
}
Event: 38.486 GC heap after
{Heap after GC invocations=38 (full 0):
 garbage-first heap   total 444416K, used 157926K [0x0000000704400000, 0x0000000800000000)
  region size 2048K, 8 young (16384K), 8 survivors (16384K)
 Metaspace       used 130057K, committed 131136K, reserved 1179648K
  class space    used 14712K, committed 15232K, reserved 1048576K
}
Event: 38.883 GC heap before
{Heap before GC invocations=39 (full 0):
 garbage-first heap   total 444416K, used 403686K [0x0000000704400000, 0x0000000800000000)
  region size 2048K, 81 young (165888K), 8 survivors (16384K)
 Metaspace       used 131449K, committed 132544K, reserved 1179648K
  class space    used 14883K, committed 15424K, reserved 1048576K
}
Event: 38.893 GC heap after
{Heap after GC invocations=40 (full 0):
 garbage-first heap   total 444416K, used 186954K [0x0000000704400000, 0x0000000800000000)
  region size 2048K, 6 young (12288K), 6 survivors (12288K)
 Metaspace       used 131449K, committed 132544K, reserved 1179648K
  class space    used 14883K, committed 15424K, reserved 1048576K
}
Event: 38.898 GC heap before
{Heap before GC invocations=40 (full 0):
 garbage-first heap   total 444416K, used 195146K [0x0000000704400000, 0x0000000800000000)
  region size 2048K, 10 young (20480K), 6 survivors (12288K)
 Metaspace       used 131449K, committed 132544K, reserved 1179648K
  class space    used 14883K, committed 15424K, reserved 1048576K
}
Event: 38.902 GC heap after
{Heap after GC invocations=41 (full 0):
 garbage-first heap   total 444416K, used 184191K [0x0000000704400000, 0x0000000800000000)
  region size 2048K, 1 young (2048K), 1 survivors (2048K)
 Metaspace       used 131449K, committed 132544K, reserved 1179648K
  class space    used 14883K, committed 15424K, reserved 1048576K
}
Event: 38.994 GC heap before
{Heap before GC invocations=41 (full 0):
 garbage-first heap   total 444416K, used 356223K [0x0000000704400000, 0x0000000800000000)
  region size 2048K, 85 young (174080K), 1 survivors (2048K)
 Metaspace       used 131449K, committed 132544K, reserved 1179648K
  class space    used 14883K, committed 15424K, reserved 1048576K
}
Event: 39.001 GC heap after
{Heap after GC invocations=42 (full 0):
 garbage-first heap   total 444416K, used 195119K [0x0000000704400000, 0x0000000800000000)
  region size 2048K, 7 young (14336K), 7 survivors (14336K)
 Metaspace       used 131449K, committed 132544K, reserved 1179648K
  class space    used 14883K, committed 15424K, reserved 1048576K
}
Event: 39.122 GC heap before
{Heap before GC invocations=42 (full 0):
 garbage-first heap   total 444416K, used 356911K [0x0000000704400000, 0x0000000800000000)
  region size 2048K, 86 young (176128K), 7 survivors (14336K)
 Metaspace       used 131449K, committed 132544K, reserved 1179648K
  class space    used 14883K, committed 15424K, reserved 1048576K
}

